[01:43:52] [main/INFO]: Environment: authHost='https://authserver.mojang.com', accountsHost='https://api.mojang.com', sessionHost='https://sessionserver.mojang.com', servicesHost='https://api.minecraftservices.com', name='PROD'
[01:43:53] [main/WARN]: Ambiguity between arguments [teleport, destination] and [teleport, targets] with inputs: [Player, 0123, @e, dd12be42-52a9-4a91-a8a1-11c01849e498]
[01:43:53] [main/WARN]: Ambiguity between arguments [teleport, location] and [teleport, destination] with inputs: [0.1 -0.5 .9, 0 0 0]
[01:43:53] [main/WARN]: Ambiguity between arguments [teleport, location] and [teleport, targets] with inputs: [0.1 -0.5 .9, 0 0 0]
[01:43:53] [main/WARN]: Ambiguity between arguments [teleport, targets] and [teleport, destination] with inputs: [Player, 0123, dd12be42-52a9-4a91-a8a1-11c01849e498]
[01:43:53] [main/WARN]: Ambiguity between arguments [teleport, targets, location] and [teleport, targets, destination] with inputs: [0.1 -0.5 .9, 0 0 0]
[01:43:53] [main/INFO]: Reloading ResourceManager: Default
[01:43:55] [Worker-Main-2/INFO]: Loaded 7 recipes
[01:43:55] [Worker-Main-2/INFO]: Loaded 927 advancements
[01:43:57] [Server thread/INFO]: Starting minecraft server version 1.16.5
[01:43:57] [Server thread/INFO]: Loading properties
[01:43:57] [Server thread/INFO]: Default game type: SURVIVAL
[01:43:57] [Server thread/INFO]: Generating keypair
[01:43:58] [Server thread/INFO]: Starting Minecraft server on *:25565
[01:43:58] [Server thread/INFO]: Using epoll channel type
[01:43:58] [Server thread/WARN]: **** SERVER IS RUNNING IN OFFLINE/INSECURE MODE!
[01:43:58] [Server thread/WARN]: The server will make no attempt to authenticate usernames. Beware.
[01:43:58] [Server thread/WARN]: While this makes the game possible to play without internet access, it also opens up the ability for hackers to connect with any username they choose.
[01:43:58] [Server thread/WARN]: To change this, set "online-mode" to "true" in the server.properties file.
[01:43:58] [Server thread/INFO]: Preparing level "world"
[01:43:58] [Server thread/INFO]: Preparing start region for dimension minecraft:overworld
[01:44:00] [Server thread/INFO]: Preparing spawn area: 0%
[01:44:00] [Server thread/INFO]: Preparing spawn area: 0%
[01:44:00] [Server thread/INFO]: Preparing spawn area: 0%
[01:44:00] [Server thread/INFO]: Preparing spawn area: 0%
[01:44:03] [Worker-Main-2/INFO]: Preparing spawn area: 0%
[01:44:03] [Server thread/INFO]: Preparing spawn area: 0%
[01:44:03] [Server thread/INFO]: Preparing spawn area: 0%
[01:44:03] [Server thread/INFO]: Preparing spawn area: 0%
[01:44:03] [Server thread/INFO]: Preparing spawn area: 0%
[01:44:03] [Server thread/INFO]: Preparing spawn area: 0%
[01:44:03] [Server thread/INFO]: Preparing spawn area: 0%
[01:44:04] [Server thread/ERROR]: Exception loading structure piece with id minecraft:shipwreck
java.util.ConcurrentModificationException: null
	at java.util.HashMap.computeIfAbsent(HashMap.java:1135) ~[?:?]
	at csw.b(SourceFile:64) ~[vanilla.jar:?]
	at csw.a(SourceFile:54) ~[vanilla.jar:?]
	at crr$a.a(SourceFile:105) ~[vanilla.jar:?]
	at crr$a.<init>(SourceFile:93) ~[vanilla.jar:?]
	at cla.a(SourceFile:149) ~[vanilla.jar:?]
	at cgt.a(SourceFile:431) ~[vanilla.jar:?]
	at cgt.a(SourceFile:176) ~[vanilla.jar:?]
	at zs.l(SourceFile:524) ~[vanilla.jar:?]
	at java.util.concurrent.CompletableFuture$AsyncSupply.run(CompletableFuture.java:1700) ~[?:?]
	at aob.c(SourceFile:144) ~[vanilla.jar:?]
	at aae$a.c(SourceFile:545) ~[vanilla.jar:?]
	at aob.y(SourceFile:118) ~[vanilla.jar:?]
	at aae$a.y(SourceFile:554) ~[vanilla.jar:?]
	at aae.d(SourceFile:280) ~[vanilla.jar:?]
	at net.minecraft.server.MinecraftServer.bb(SourceFile:749) ~[vanilla.jar:?]
	at net.minecraft.server.MinecraftServer.y(SourceFile:737) ~[vanilla.jar:?]
	at aob.c(SourceFile:127) ~[vanilla.jar:?]
	at net.minecraft.server.MinecraftServer.x(SourceFile:722) ~[vanilla.jar:?]
	at net.minecraft.server.MinecraftServer.b(SourceFile:505) ~[vanilla.jar:?]
	at net.minecraft.server.MinecraftServer.l_(SourceFile:338) ~[vanilla.jar:?]
	at zg.d(SourceFile:179) ~[vanilla.jar:?]
	at net.minecraft.server.MinecraftServer.w(SourceFile:645) ~[vanilla.jar:?]
	at net.minecraft.server.MinecraftServer.a(SourceFile:257) ~[vanilla.jar:?]
	at java.lang.Thread.run(Thread.java:829) [?:?]
[01:44:04] [Server thread/INFO]: Preparing spawn area: 0%
[01:44:04] [Worker-Main-2/INFO]: Preparing spawn area: 0%
[01:44:05] [Worker-Main-2/INFO]: Preparing spawn area: 0%
[01:44:05] [Worker-Main-2/INFO]: Preparing spawn area: 0%
[01:44:06] [Worker-Main-2/INFO]: Preparing spawn area: 0%
[01:44:06] [Worker-Main-2/INFO]: Preparing spawn area: 0%
[01:44:07] [Worker-Main-2/INFO]: Preparing spawn area: 0%
[01:44:07] [Worker-Main-2/INFO]: Preparing spawn area: 0%
[01:44:08] [Worker-Main-2/INFO]: Preparing spawn area: 0%
[01:44:08] [Worker-Main-2/INFO]: Preparing spawn area: 0%
[01:44:09] [Worker-Main-2/INFO]: Preparing spawn area: 0%
[01:44:09] [Worker-Main-2/INFO]: Preparing spawn area: 0%
[01:44:10] [Server thread/INFO]: Preparing spawn area: 1%
[01:44:10] [Worker-Main-2/INFO]: Preparing spawn area: 4%
[01:44:11] [Worker-Main-2/INFO]: Preparing spawn area: 10%
[01:44:11] [Worker-Main-2/INFO]: Preparing spawn area: 21%
[01:44:12] [Worker-Main-2/INFO]: Preparing spawn area: 22%
[01:44:12] [Worker-Main-2/INFO]: Preparing spawn area: 31%
[01:44:13] [Worker-Main-2/INFO]: Preparing spawn area: 34%
[01:44:14] [Server thread/INFO]: Preparing spawn area: 35%
[01:44:14] [Server thread/INFO]: Preparing spawn area: 35%
[01:44:14] [Server thread/INFO]: Preparing spawn area: 54%
[01:44:15] [Worker-Main-7/INFO]: Preparing spawn area: 56%
[01:44:15] [Worker-Main-7/INFO]: Preparing spawn area: 56%
[01:44:16] [Worker-Main-7/INFO]: Preparing spawn area: 60%
[01:44:16] [Worker-Main-7/INFO]: Preparing spawn area: 61%
[01:44:17] [Worker-Main-7/INFO]: Preparing spawn area: 62%
[01:44:17] [Worker-Main-7/INFO]: Preparing spawn area: 64%
[01:44:18] [Worker-Main-7/INFO]: Preparing spawn area: 66%
[01:44:18] [Worker-Main-7/INFO]: Preparing spawn area: 68%
[01:44:19] [Worker-Main-7/INFO]: Preparing spawn area: 73%
[01:44:19] [Worker-Main-7/INFO]: Preparing spawn area: 75%
[01:44:20] [Worker-Main-7/INFO]: Preparing spawn area: 77%
[01:44:20] [Worker-Main-7/INFO]: Preparing spawn area: 79%
[01:44:21] [Worker-Main-7/INFO]: Preparing spawn area: 82%
[01:44:21] [Worker-Main-7/INFO]: Preparing spawn area: 89%
[01:44:22] [Worker-Main-7/INFO]: Preparing spawn area: 93%
[01:44:23] [Worker-Main-7/INFO]: Preparing spawn area: 93%
[01:44:23] [Server thread/INFO]: Time elapsed: 24507 ms
[01:44:23] [Server thread/INFO]: Done (24.633s)! For help, type "help"
[01:44:28] [Server thread/INFO]: ElPixhulaXD[/127.56.47.36:59909] logged in with entity id 217 at (1.5, 65.0, -4.5)
[01:44:28] [Server thread/INFO]: ElPixhulaXD joined the game
[01:44:59] [Server thread/INFO]: Made ElPixhulaXD a server operator
[01:45:09] [Server thread/INFO]: [ElPixhulaXD: Set own game mode to Creative Mode]
[01:45:23] [Server thread/INFO]: ElPixhulaXD lost connection: Disconnected
[01:45:23] [Server thread/INFO]: ElPixhulaXD left the game
[01:45:39] [Server thread/INFO]: ElPixhulaXD[/127.56.47.36:52179] logged in with entity id 468 at (-0.9918098905683747, 88.99313592079302, 10.457078790475551)
[01:45:39] [Server thread/INFO]: ElPixhulaXD joined the game
[01:45:53] [Server thread/INFO]: Joakolin[/127.127.71.240:43655] logged in with entity id 1039 at (3.5, 66.0, -7.5)
[01:45:53] [Server thread/INFO]: Joakolin joined the game
[01:46:33] [Server thread/INFO]: [ElPixhulaXD: Teleported Joakolin to ElPixhulaXD]
[01:46:47] [Server thread/INFO]: [ElPixhulaXD: Set own game mode to Survival Mode]
[01:47:01] [Server thread/INFO]: ElPixhulaXD has made the advancement [Suit Up]
[01:47:08] [Server thread/INFO]: ElPixhulaXD has made the advancement [Monster Hunter]
[01:50:12] [Server thread/INFO]: ElPixhulaXD has made the advancement [Acquire Hardware]
[01:51:13] [Server thread/INFO]: Joakolin has made the advancement [Suit Up]
[01:51:28] [Server thread/INFO]: Joakolin has made the advancement [Isn't It Iron Pick]
[01:53:46] [Server thread/INFO]: ElPixhulaXD has made the advancement [What a Deal!]
[01:54:55] [Server thread/INFO]: Joakolin has made the advancement [A Seedy Place]
[01:57:28] [Server thread/INFO]: Joakolin has made the advancement [What a Deal!]
[01:58:09] [Server thread/INFO]: Joakolin has made the advancement [Monster Hunter]
[01:58:47] [Server thread/INFO]: Joakolin has made the advancement [Stone Age]
[02:01:59] [Server thread/INFO]: Joakolin has made the advancement [Sweet Dreams]
[02:02:00] [Server thread/INFO]: <Joakolin> z
[02:02:01] [Server thread/INFO]: <Joakolin> z
[02:02:01] [Server thread/INFO]: <Joakolin> z
[02:02:01] [Server thread/INFO]: <Joakolin> zz
[02:02:01] [Server thread/INFO]: <Joakolin> z
[02:02:02] [Server thread/INFO]: <Joakolin> z
[02:02:04] [Server thread/INFO]: <Joakolin> z
[02:02:04] [Server thread/INFO]: <Joakolin> z
[02:02:05] [Server thread/INFO]: <Joakolin> z
[02:02:05] [Server thread/INFO]: <Joakolin> z
[02:02:05] [Server thread/INFO]: <Joakolin> zz
[02:02:09] [Server thread/INFO]: <Joakolin> zzzz
[02:02:25] [Server thread/INFO]: ElPixhulaXD has made the advancement [Sweet Dreams]
